Aug 15, 2018 3:49:38 PM org.apache.catalina.startup.VersionLoggerListener log
INFO: Server version:        Apache Tomcat/7.0.90
Aug 15, 2018 3:49:38 PM org.apache.catalina.startup.VersionLoggerListener log
INFO: Server built:          Jul 2 2018 17:05:37 UTC
Aug 15, 2018 3:49:38 PM org.apache.catalina.startup.VersionLoggerListener log
INFO: Server number:         7.0.90.0
Aug 15, 2018 3:49:38 PM org.apache.catalina.startup.VersionLoggerListener log
INFO: OS Name:               Linux
Aug 15, 2018 3:49:38 PM org.apache.catalina.startup.VersionLoggerListener log
INFO: OS Version:            3.10.0-693.21.1.el7.x86_64
Aug 15, 2018 3:49:38 PM org.apache.catalina.startup.VersionLoggerListener log
INFO: Architecture:          amd64
Aug 15, 2018 3:49:38 PM org.apache.catalina.startup.VersionLoggerListener log
INFO: Java Home:             /usr/lib/jvm/java-1.8.0-openjdk-1.8.0.181-3.b13.el7_5.x86_64/jre
Aug 15, 2018 3:49:38 PM org.apache.catalina.startup.VersionLoggerListener log
INFO: JVM Version:           1.8.0_181-b13
Aug 15, 2018 3:49:38 PM org.apache.catalina.startup.VersionLoggerListener log
INFO: JVM Vendor:            Oracle Corporation
Aug 15, 2018 3:49:38 PM org.apache.catalina.startup.VersionLoggerListener log
INFO: CATALINA_BASE:         /home/vagrant/apache-tomcat-7.0.90
Aug 15, 2018 3:49:38 PM org.apache.catalina.startup.VersionLoggerListener log
INFO: CATALINA_HOME:         /home/vagrant/apache-tomcat-7.0.90
Aug 15, 2018 3:49:38 PM org.apache.catalina.startup.VersionLoggerListener log
INFO: Command line argument: -Djava.util.logging.config.file=/home/vagrant/apache-tomcat-7.0.90/conf/logging.properties
Aug 15, 2018 3:49:38 PM org.apache.catalina.startup.VersionLoggerListener log
INFO: Command line argument: -Djava.util.logging.manager=org.apache.juli.ClassLoaderLogManager
Aug 15, 2018 3:49:38 PM org.apache.catalina.startup.VersionLoggerListener log
INFO: Command line argument: -Djdk.tls.ephemeralDHKeySize=2048
Aug 15, 2018 3:49:38 PM org.apache.catalina.startup.VersionLoggerListener log
INFO: Command line argument: -Dignore.endorsed.dirs=
Aug 15, 2018 3:49:38 PM org.apache.catalina.startup.VersionLoggerListener log
INFO: Command line argument: -Dcatalina.base=/home/vagrant/apache-tomcat-7.0.90
Aug 15, 2018 3:49:38 PM org.apache.catalina.startup.VersionLoggerListener log
INFO: Command line argument: -Dcatalina.home=/home/vagrant/apache-tomcat-7.0.90
Aug 15, 2018 3:49:38 PM org.apache.catalina.startup.VersionLoggerListener log
INFO: Command line argument: -Djava.io.tmpdir=/home/vagrant/apache-tomcat-7.0.90/temp
Aug 15, 2018 3:49:38 PM org.apache.catalina.core.AprLifecycleListener lifecycleEvent
INFO: The APR based Apache Tomcat Native library which allows optimal performance in production environments was not found on the java.library.path: /usr/java/packages/lib/amd64:/usr/lib64:/lib64:/lib:/usr/lib
Aug 15, 2018 3:49:38 PM org.apache.coyote.AbstractProtocol init
INFO: Initializing ProtocolHandler ["http-bio-8080"]
Aug 15, 2018 3:49:39 PM org.apache.coyote.AbstractProtocol init
INFO: Initializing ProtocolHandler ["ajp-bio-8009"]
Aug 15, 2018 3:49:39 PM org.apache.catalina.startup.Catalina load
INFO: Initialization processed in 2790 ms
Aug 15, 2018 3:49:39 PM org.apache.catalina.core.StandardService startInternal
INFO: Starting service Catalina
Aug 15, 2018 3:49:39 PM org.apache.catalina.core.StandardEngine startInternal
INFO: Starting Servlet Engine: Apache Tomcat/7.0.90
Aug 15, 2018 3:49:39 PM org.apache.catalina.startup.HostConfig deployWAR
INFO: Deploying web application archive /home/vagrant/apache-tomcat-7.0.90/webapps/CounterWebApp.war
Aug 15, 2018 3:49:40 PM org.apache.catalina.util.SessionIdGeneratorBase createSecureRandom
WARNING: Creation of SecureRandom instance for session ID generation using [SHA1PRNG] took [107] milliseconds.
Aug 15, 2018 3:49:40 PM org.apache.catalina.startup.HostConfig deployWAR
INFO: Deployment of web application archive /home/vagrant/apache-tomcat-7.0.90/webapps/CounterWebApp.war has finished in 1,291 ms
Aug 15, 2018 3:49:40 PM org.apache.catalina.startup.HostConfig deployWAR
INFO: Deploying web application archive /home/vagrant/apache-tomcat-7.0.90/webapps/gitbucket.war
Aug 15, 2018 3:49:56 PM org.apache.catalina.startup.TldConfig execute
INFO: At least one JAR was scanned for TLDs yet contained no TLDs. Enable debug logging for this logger for a complete list of JARs that were scanned but no TLDs were found in them. Skipping unneeded JARs during scanning can improve startup time and JSP compilation time.
Aug 15, 2018 3:50:11 PM org.apache.catalina.startup.HostConfig deployWAR
INFO: Deployment of web application archive /home/vagrant/apache-tomcat-7.0.90/webapps/gitbucket.war has finished in 30,619 ms
Aug 15, 2018 3:50:11 PM org.apache.catalina.startup.HostConfig deployWAR
INFO: Deploying web application archive /home/vagrant/apache-tomcat-7.0.90/webapps/samplewar.war.war
Aug 15, 2018 3:50:11 PM org.apache.catalina.startup.HostConfig deployWAR
INFO: Deployment of web application archive /home/vagrant/apache-tomcat-7.0.90/webapps/samplewar.war.war has finished in 182 ms
Aug 15, 2018 3:50:11 PM org.apache.catalina.startup.HostConfig deployDirectory
INFO: Deploying web application directory /home/vagrant/apache-tomcat-7.0.90/webapps/ROOT
Aug 15, 2018 3:50:11 PM org.apache.catalina.startup.HostConfig deployDirectory
INFO: Deployment of web application directory /home/vagrant/apache-tomcat-7.0.90/webapps/ROOT has finished in 146 ms
Aug 15, 2018 3:50:11 PM org.apache.catalina.startup.HostConfig deployDirectory
INFO: Deploying web application directory /home/vagrant/apache-tomcat-7.0.90/webapps/docs
Aug 15, 2018 3:50:11 PM org.apache.catalina.startup.HostConfig deployDirectory
INFO: Deployment of web application directory /home/vagrant/apache-tomcat-7.0.90/webapps/docs has finished in 144 ms
Aug 15, 2018 3:50:11 PM org.apache.catalina.startup.HostConfig deployDirectory
INFO: Deploying web application directory /home/vagrant/apache-tomcat-7.0.90/webapps/examples
Aug 15, 2018 3:50:13 PM org.apache.catalina.startup.HostConfig deployDirectory
INFO: Deployment of web application directory /home/vagrant/apache-tomcat-7.0.90/webapps/examples has finished in 2,004 ms
Aug 15, 2018 3:50:13 PM org.apache.catalina.startup.HostConfig deployDirectory
INFO: Deploying web application directory /home/vagrant/apache-tomcat-7.0.90/webapps/host-manager
Aug 15, 2018 3:50:14 PM org.apache.catalina.startup.HostConfig deployDirectory
INFO: Deployment of web application directory /home/vagrant/apache-tomcat-7.0.90/webapps/host-manager has finished in 869 ms
Aug 15, 2018 3:50:14 PM org.apache.catalina.startup.HostConfig deployDirectory
INFO: Deploying web application directory /home/vagrant/apache-tomcat-7.0.90/webapps/manager
Aug 15, 2018 3:50:15 PM org.apache.catalina.startup.HostConfig deployDirectory
INFO: Deployment of web application directory /home/vagrant/apache-tomcat-7.0.90/webapps/manager has finished in 260 ms
Aug 15, 2018 3:50:15 PM org.apache.coyote.AbstractProtocol start
INFO: Starting ProtocolHandler ["http-bio-8080"]
Aug 15, 2018 3:50:15 PM org.apache.coyote.AbstractProtocol start
INFO: Starting ProtocolHandler ["ajp-bio-8009"]
Aug 15, 2018 3:50:15 PM org.apache.catalina.startup.Catalina start
INFO: Server startup in 36340 ms
Aug 15, 2018 7:30:50 PM org.apache.catalina.core.StandardServer await
INFO: A valid shutdown command was received via the shutdown port. Stopping the Server instance.
Aug 15, 2018 7:30:50 PM org.apache.coyote.AbstractProtocol pause
INFO: Pausing ProtocolHandler ["http-bio-8080"]
Aug 15, 2018 7:30:50 PM org.apache.coyote.AbstractProtocol pause
INFO: Pausing ProtocolHandler ["ajp-bio-8009"]
Aug 15, 2018 7:30:50 PM org.apache.catalina.core.StandardService stopInternal
INFO: Stopping service Catalina
Aug 15, 2018 7:30:56 PM org.apache.catalina.loader.WebappClassLoaderBase clearReferencesJdbc
SEVERE: The web application [/gitbucket] registered the JDBC driver [org.h2.Driver] but failed to unregister it when the web application was stopped. To prevent a memory leak, the JDBC Driver has been forcibly unregistered.
Aug 15, 2018 7:30:56 PM org.apache.catalina.loader.WebappClassLoaderBase clearReferencesThreads
SEVERE: The web application [/gitbucket] appears to have started a thread named [job-scheduler-1] but has failed to stop it. This is very likely to create a memory leak.
Aug 15, 2018 7:30:56 PM org.apache.catalina.loader.WebappClassLoaderBase clearReferencesThreads
SEVERE: The web application [/gitbucket] appears to have started a thread named [job-akka.actor.default-dispatcher-2] but has failed to stop it. This is very likely to create a memory leak.
Aug 15, 2018 7:30:56 PM org.apache.catalina.loader.WebappClassLoaderBase clearReferencesThreads
SEVERE: The web application [/gitbucket] appears to have started a thread named [Thread-4] but has failed to stop it. This is very likely to create a memory leak.
Aug 15, 2018 7:30:56 PM org.apache.catalina.loader.WebappClassLoaderBase clearReferencesThreads
SEVERE: The web application [/gitbucket] appears to have started a thread named [AKKA_QRTZ_-1] but has failed to stop it. This is very likely to create a memory leak.
Aug 15, 2018 7:30:56 PM org.apache.catalina.loader.WebappClassLoaderBase clearReferencesThreads
SEVERE: The web application [/gitbucket] appears to have started a thread named [commit-count] but has failed to stop it. This is very likely to create a memory leak.
Aug 15, 2018 7:30:56 PM org.apache.catalina.loader.WebappClassLoaderBase clearReferencesThreads
SEVERE: The web application [/gitbucket] appears to have started a thread named [QuartzScheduler~job_QuartzSchedulerThread] but has failed to stop it. This is very likely to create a memory leak.
Aug 15, 2018 7:30:56 PM org.apache.catalina.loader.WebappClassLoaderBase checkThreadLocalMapForLeaks
SEVERE: The web application [/gitbucket] created a ThreadLocal with key of type [scala.util.DynamicVariable$$anon$1] (value [scala.util.DynamicVariable$$anon$1@3ce95797]) and a value of type [gitbucket.core.servlet.MockFilterChain] (value [gitbucket.core.servlet.MockFilterChain@603c8396]) but failed to remove it when the web application was stopped. Threads are going to be renewed over time to try and avoid a probable memory leak.
Aug 15, 2018 7:30:56 PM org.apache.catalina.loader.WebappClassLoaderBase checkThreadLocalMapForLeaks
SEVERE: The web application [/gitbucket] created a ThreadLocal with key of type [java.lang.ThreadLocal] (value [java.lang.ThreadLocal@139592df]) and a value of type [akka.dispatch.forkjoin.ForkJoinPool.Submitter] (value [akka.dispatch.forkjoin.ForkJoinPool$Submitter@61f87938]) but failed to remove it when the web application was stopped. Threads are going to be renewed over time to try and avoid a probable memory leak.
Aug 15, 2018 7:30:56 PM org.apache.catalina.loader.WebappClassLoaderBase checkThreadLocalMapForLeaks
SEVERE: The web application [/gitbucket] created a ThreadLocal with key of type [akka.actor.ActorCell$$anon$1] (value [akka.actor.ActorCell$$anon$1@5e441cb2]) and a value of type [scala.collection.immutable.Nil$] (value [List()]) but failed to remove it when the web application was stopped. Threads are going to be renewed over time to try and avoid a probable memory leak.
Aug 15, 2018 7:30:56 PM org.apache.catalina.loader.WebappClassLoaderBase checkThreadLocalMapForLeaks
SEVERE: The web application [/gitbucket] created a ThreadLocal with key of type [java.lang.InheritableThreadLocal] (value [java.lang.InheritableThreadLocal@116d8d14]) and a value of type [org.eclipse.jgit.nls.NLS] (value [org.eclipse.jgit.nls.NLS@1aae2a31]) but failed to remove it when the web application was stopped. Threads are going to be renewed over time to try and avoid a probable memory leak.
Aug 15, 2018 7:30:56 PM org.apache.catalina.loader.WebappClassLoaderBase checkThreadLocalMapForLeaks
SEVERE: The web application [/gitbucket] created a ThreadLocal with key of type [java.lang.InheritableThreadLocal] (value [java.lang.InheritableThreadLocal@116d8d14]) and a value of type [org.eclipse.jgit.nls.NLS] (value [org.eclipse.jgit.nls.NLS@383db1e5]) but failed to remove it when the web application was stopped. Threads are going to be renewed over time to try and avoid a probable memory leak.
Aug 15, 2018 7:30:56 PM org.apache.catalina.loader.WebappClassLoaderBase checkThreadLocalMapForLeaks
SEVERE: The web application [/gitbucket] created a ThreadLocal with key of type [scala.util.DynamicVariable$$anon$1] (value [scala.util.DynamicVariable$$anon$1@13edf867]) and a value of type [gitbucket.core.servlet.MockFilterChain] (value [gitbucket.core.servlet.MockFilterChain@569c0a4]) but failed to remove it when the web application was stopped. Threads are going to be renewed over time to try and avoid a probable memory leak.
Aug 15, 2018 7:30:56 PM org.apache.catalina.loader.WebappClassLoaderBase checkThreadLocalMapForLeaks
SEVERE: The web application [/gitbucket] created a ThreadLocal with key of type [scala.util.DynamicVariable$$anon$1] (value [scala.util.DynamicVariable$$anon$1@13edf867]) and a value of type [gitbucket.core.servlet.MockFilterChain] (value [gitbucket.core.servlet.MockFilterChain@569c0a4]) but failed to remove it when the web application was stopped. Threads are going to be renewed over time to try and avoid a probable memory leak.
Aug 15, 2018 7:30:56 PM org.apache.catalina.loader.WebappClassLoaderBase checkThreadLocalMapForLeaks
SEVERE: The web application [/gitbucket] created a ThreadLocal with key of type [java.lang.ThreadLocal] (value [java.lang.ThreadLocal@139592df]) and a value of type [akka.dispatch.forkjoin.ForkJoinPool.Submitter] (value [akka.dispatch.forkjoin.ForkJoinPool$Submitter@570717ae]) but failed to remove it when the web application was stopped. Threads are going to be renewed over time to try and avoid a probable memory leak.
Aug 15, 2018 7:30:56 PM org.apache.catalina.loader.WebappClassLoaderBase checkThreadLocalMapForLeaks
SEVERE: The web application [/gitbucket] created a ThreadLocal with key of type [java.lang.ThreadLocal] (value [java.lang.ThreadLocal@392abd84]) and a value of type [akka.dispatch.BatchingExecutor.BlockableBatch] (value [[]]) but failed to remove it when the web application was stopped. Threads are going to be renewed over time to try and avoid a probable memory leak.
Aug 15, 2018 7:30:56 PM org.apache.catalina.loader.WebappClassLoaderBase checkThreadLocalMapForLeaks
SEVERE: The web application [/gitbucket] created a ThreadLocal with key of type [java.lang.ThreadLocal] (value [java.lang.ThreadLocal@139592df]) and a value of type [akka.dispatch.forkjoin.ForkJoinPool.Submitter] (value [akka.dispatch.forkjoin.ForkJoinPool$Submitter@1e0d9351]) but failed to remove it when the web application was stopped. Threads are going to be renewed over time to try and avoid a probable memory leak.
Aug 15, 2018 7:30:56 PM org.apache.coyote.AbstractProtocol stop
INFO: Stopping ProtocolHandler ["http-bio-8080"]
Aug 15, 2018 7:30:56 PM org.apache.coyote.AbstractProtocol stop
INFO: Stopping ProtocolHandler ["ajp-bio-8009"]
Aug 15, 2018 7:30:56 PM org.apache.coyote.AbstractProtocol destroy
INFO: Destroying ProtocolHandler ["http-bio-8080"]
Aug 15, 2018 7:30:56 PM org.apache.coyote.AbstractProtocol destroy
INFO: Destroying ProtocolHandler ["ajp-bio-8009"]
Aug 15, 2018 7:31:00 PM org.apache.catalina.startup.VersionLoggerListener log
INFO: Server version:        Apache Tomcat/7.0.90
Aug 15, 2018 7:31:00 PM org.apache.catalina.startup.VersionLoggerListener log
INFO: Server built:          Jul 2 2018 17:05:37 UTC
Aug 15, 2018 7:31:00 PM org.apache.catalina.startup.VersionLoggerListener log
INFO: Server number:         7.0.90.0
Aug 15, 2018 7:31:00 PM org.apache.catalina.startup.VersionLoggerListener log
INFO: OS Name:               Linux
Aug 15, 2018 7:31:00 PM org.apache.catalina.startup.VersionLoggerListener log
INFO: OS Version:            3.10.0-693.21.1.el7.x86_64
Aug 15, 2018 7:31:00 PM org.apache.catalina.startup.VersionLoggerListener log
INFO: Architecture:          amd64
Aug 15, 2018 7:31:00 PM org.apache.catalina.startup.VersionLoggerListener log
INFO: Java Home:             /usr/lib/jvm/java-1.8.0-openjdk-1.8.0.181-3.b13.el7_5.x86_64/jre
Aug 15, 2018 7:31:00 PM org.apache.catalina.startup.VersionLoggerListener log
INFO: JVM Version:           1.8.0_181-b13
Aug 15, 2018 7:31:00 PM org.apache.catalina.startup.VersionLoggerListener log
INFO: JVM Vendor:            Oracle Corporation
Aug 15, 2018 7:31:00 PM org.apache.catalina.startup.VersionLoggerListener log
INFO: CATALINA_BASE:         /home/vagrant/apache-tomcat-7.0.90
Aug 15, 2018 7:31:00 PM org.apache.catalina.startup.VersionLoggerListener log
INFO: CATALINA_HOME:         /home/vagrant/apache-tomcat-7.0.90
Aug 15, 2018 7:31:00 PM org.apache.catalina.startup.VersionLoggerListener log
INFO: Command line argument: -Djava.util.logging.config.file=/home/vagrant/apache-tomcat-7.0.90/conf/logging.properties
Aug 15, 2018 7:31:00 PM org.apache.catalina.startup.VersionLoggerListener log
INFO: Command line argument: -Djava.util.logging.manager=org.apache.juli.ClassLoaderLogManager
Aug 15, 2018 7:31:00 PM org.apache.catalina.startup.VersionLoggerListener log
INFO: Command line argument: -Djdk.tls.ephemeralDHKeySize=2048
Aug 15, 2018 7:31:00 PM org.apache.catalina.startup.VersionLoggerListener log
INFO: Command line argument: -Dignore.endorsed.dirs=
Aug 15, 2018 7:31:00 PM org.apache.catalina.startup.VersionLoggerListener log
INFO: Command line argument: -Dcatalina.base=/home/vagrant/apache-tomcat-7.0.90
Aug 15, 2018 7:31:00 PM org.apache.catalina.startup.VersionLoggerListener log
INFO: Command line argument: -Dcatalina.home=/home/vagrant/apache-tomcat-7.0.90
Aug 15, 2018 7:31:00 PM org.apache.catalina.startup.VersionLoggerListener log
INFO: Command line argument: -Djava.io.tmpdir=/home/vagrant/apache-tomcat-7.0.90/temp
Aug 15, 2018 7:31:00 PM org.apache.catalina.core.AprLifecycleListener lifecycleEvent
INFO: The APR based Apache Tomcat Native library which allows optimal performance in production environments was not found on the java.library.path: /usr/java/packages/lib/amd64:/usr/lib64:/lib64:/lib:/usr/lib
Aug 15, 2018 7:31:01 PM org.apache.coyote.AbstractProtocol init
INFO: Initializing ProtocolHandler ["http-bio-8080"]
Aug 15, 2018 7:31:01 PM org.apache.coyote.AbstractProtocol init
INFO: Initializing ProtocolHandler ["ajp-bio-8009"]
Aug 15, 2018 7:31:01 PM org.apache.catalina.startup.Catalina load
INFO: Initialization processed in 3336 ms
Aug 15, 2018 7:31:01 PM org.apache.catalina.core.StandardService startInternal
INFO: Starting service Catalina
Aug 15, 2018 7:31:01 PM org.apache.catalina.core.StandardEngine startInternal
INFO: Starting Servlet Engine: Apache Tomcat/7.0.90
Aug 15, 2018 7:31:01 PM org.apache.catalina.startup.HostConfig deployWAR
INFO: Deploying web application archive /home/vagrant/apache-tomcat-7.0.90/webapps/CounterWebApp.war
Aug 15, 2018 7:31:03 PM org.apache.catalina.util.SessionIdGeneratorBase createSecureRandom
WARNING: Creation of SecureRandom instance for session ID generation using [SHA1PRNG] took [103] milliseconds.
Aug 15, 2018 7:31:03 PM org.apache.catalina.startup.HostConfig deployWAR
INFO: Deployment of web application archive /home/vagrant/apache-tomcat-7.0.90/webapps/CounterWebApp.war has finished in 1,386 ms
Aug 15, 2018 7:31:03 PM org.apache.catalina.startup.HostConfig deployWAR
INFO: Deploying web application archive /home/vagrant/apache-tomcat-7.0.90/webapps/gitbucket.war
Aug 15, 2018 7:31:19 PM org.apache.catalina.startup.TldConfig execute
INFO: At least one JAR was scanned for TLDs yet contained no TLDs. Enable debug logging for this logger for a complete list of JARs that were scanned but no TLDs were found in them. Skipping unneeded JARs during scanning can improve startup time and JSP compilation time.
Aug 15, 2018 7:31:32 PM org.apache.catalina.startup.HostConfig deployWAR
INFO: Deployment of web application archive /home/vagrant/apache-tomcat-7.0.90/webapps/gitbucket.war has finished in 28,911 ms
Aug 15, 2018 7:31:32 PM org.apache.catalina.startup.HostConfig deployWAR
INFO: Deploying web application archive /home/vagrant/apache-tomcat-7.0.90/webapps/samplewar.war.war
Aug 15, 2018 7:31:32 PM org.apache.catalina.startup.HostConfig deployWAR
INFO: Deployment of web application archive /home/vagrant/apache-tomcat-7.0.90/webapps/samplewar.war.war has finished in 169 ms
Aug 15, 2018 7:31:32 PM org.apache.catalina.startup.HostConfig deployDirectory
INFO: Deploying web application directory /home/vagrant/apache-tomcat-7.0.90/webapps/ROOT
Aug 15, 2018 7:31:32 PM org.apache.catalina.startup.HostConfig deployDirectory
INFO: Deployment of web application directory /home/vagrant/apache-tomcat-7.0.90/webapps/ROOT has finished in 107 ms
Aug 15, 2018 7:31:32 PM org.apache.catalina.startup.HostConfig deployDirectory
INFO: Deploying web application directory /home/vagrant/apache-tomcat-7.0.90/webapps/docs
Aug 15, 2018 7:31:33 PM org.apache.catalina.startup.HostConfig deployDirectory
INFO: Deployment of web application directory /home/vagrant/apache-tomcat-7.0.90/webapps/docs has finished in 104 ms
Aug 15, 2018 7:31:33 PM org.apache.catalina.startup.HostConfig deployDirectory
INFO: Deploying web application directory /home/vagrant/apache-tomcat-7.0.90/webapps/examples
Aug 15, 2018 7:31:34 PM org.apache.catalina.startup.HostConfig deployDirectory
INFO: Deployment of web application directory /home/vagrant/apache-tomcat-7.0.90/webapps/examples has finished in 1,768 ms
Aug 15, 2018 7:31:34 PM org.apache.catalina.startup.HostConfig deployDirectory
INFO: Deploying web application directory /home/vagrant/apache-tomcat-7.0.90/webapps/host-manager
Aug 15, 2018 7:31:35 PM org.apache.catalina.startup.HostConfig deployDirectory
INFO: Deployment of web application directory /home/vagrant/apache-tomcat-7.0.90/webapps/host-manager has finished in 639 ms
Aug 15, 2018 7:31:35 PM org.apache.catalina.startup.HostConfig deployDirectory
INFO: Deploying web application directory /home/vagrant/apache-tomcat-7.0.90/webapps/manager
Aug 15, 2018 7:31:35 PM org.apache.catalina.startup.HostConfig deployDirectory
INFO: Deployment of web application directory /home/vagrant/apache-tomcat-7.0.90/webapps/manager has finished in 224 ms
Aug 15, 2018 7:31:35 PM org.apache.coyote.AbstractProtocol start
INFO: Starting ProtocolHandler ["http-bio-8080"]
Aug 15, 2018 7:31:35 PM org.apache.coyote.AbstractProtocol start
INFO: Starting ProtocolHandler ["ajp-bio-8009"]
Aug 15, 2018 7:31:35 PM org.apache.catalina.startup.Catalina start
INFO: Server startup in 34074 ms
Aug 15, 2018 7:35:40 PM org.apache.catalina.startup.HostConfig deployWAR
INFO: Deploying web application archive /home/vagrant/apache-tomcat-7.0.90/webapps/mywar.war
Aug 15, 2018 7:35:40 PM org.apache.catalina.startup.HostConfig deployWAR
INFO: Deployment of web application archive /home/vagrant/apache-tomcat-7.0.90/webapps/mywar.war has finished in 184 ms
Aug 15, 2018 7:36:04 PM org.apache.catalina.startup.HostConfig undeploy
INFO: Undeploying context [/mywar]
Aug 15, 2018 7:36:04 PM org.apache.catalina.startup.HostConfig deployWAR
INFO: Deploying web application archive /home/vagrant/apache-tomcat-7.0.90/webapps/mywar.war
Aug 15, 2018 7:36:04 PM org.apache.catalina.startup.HostConfig deployWAR
INFO: Deployment of web application archive /home/vagrant/apache-tomcat-7.0.90/webapps/mywar.war has finished in 161 ms
