Sep 06, 2018 8:05:13 AM org.apache.catalina.startup.VersionLoggerListener log
INFO: Server version:        Apache Tomcat/7.0.90
Sep 06, 2018 8:05:14 AM org.apache.catalina.startup.VersionLoggerListener log
INFO: Server built:          Jul 2 2018 17:05:37 UTC
Sep 06, 2018 8:05:14 AM org.apache.catalina.startup.VersionLoggerListener log
INFO: Server number:         7.0.90.0
Sep 06, 2018 8:05:14 AM org.apache.catalina.startup.VersionLoggerListener log
INFO: OS Name:               Linux
Sep 06, 2018 8:05:14 AM org.apache.catalina.startup.VersionLoggerListener log
INFO: OS Version:            3.10.0-862.11.6.el7.x86_64
Sep 06, 2018 8:05:14 AM org.apache.catalina.startup.VersionLoggerListener log
INFO: Architecture:          amd64
Sep 06, 2018 8:05:14 AM org.apache.catalina.startup.VersionLoggerListener log
INFO: Java Home:             /usr/lib/jvm/java-1.8.0-openjdk-1.8.0.181-3.b13.el7_5.x86_64/jre
Sep 06, 2018 8:05:14 AM org.apache.catalina.startup.VersionLoggerListener log
INFO: JVM Version:           1.8.0_181-b13
Sep 06, 2018 8:05:14 AM org.apache.catalina.startup.VersionLoggerListener log
INFO: JVM Vendor:            Oracle Corporation
Sep 06, 2018 8:05:14 AM org.apache.catalina.startup.VersionLoggerListener log
INFO: CATALINA_BASE:         /home/vagrant/apache-tomcat-7.0.90
Sep 06, 2018 8:05:14 AM org.apache.catalina.startup.VersionLoggerListener log
INFO: CATALINA_HOME:         /home/vagrant/apache-tomcat-7.0.90
Sep 06, 2018 8:05:14 AM org.apache.catalina.startup.VersionLoggerListener log
INFO: Command line argument: -Djava.util.logging.config.file=/home/vagrant/apache-tomcat-7.0.90/conf/logging.properties
Sep 06, 2018 8:05:14 AM org.apache.catalina.startup.VersionLoggerListener log
INFO: Command line argument: -Djava.util.logging.manager=org.apache.juli.ClassLoaderLogManager
Sep 06, 2018 8:05:14 AM org.apache.catalina.startup.VersionLoggerListener log
INFO: Command line argument: -Djdk.tls.ephemeralDHKeySize=2048
Sep 06, 2018 8:05:14 AM org.apache.catalina.startup.VersionLoggerListener log
INFO: Command line argument: -Dignore.endorsed.dirs=
Sep 06, 2018 8:05:14 AM org.apache.catalina.startup.VersionLoggerListener log
INFO: Command line argument: -Dcatalina.base=/home/vagrant/apache-tomcat-7.0.90
Sep 06, 2018 8:05:14 AM org.apache.catalina.startup.VersionLoggerListener log
INFO: Command line argument: -Dcatalina.home=/home/vagrant/apache-tomcat-7.0.90
Sep 06, 2018 8:05:14 AM org.apache.catalina.startup.VersionLoggerListener log
INFO: Command line argument: -Djava.io.tmpdir=/home/vagrant/apache-tomcat-7.0.90/temp
Sep 06, 2018 8:05:14 AM org.apache.catalina.core.AprLifecycleListener lifecycleEvent
INFO: The APR based Apache Tomcat Native library which allows optimal performance in production environments was not found on the java.library.path: /usr/java/packages/lib/amd64:/usr/lib64:/lib64:/lib:/usr/lib
Sep 06, 2018 8:05:18 AM org.apache.coyote.AbstractProtocol init
INFO: Initializing ProtocolHandler ["http-bio-8080"]
Sep 06, 2018 8:05:18 AM org.apache.coyote.AbstractProtocol init
INFO: Initializing ProtocolHandler ["ajp-bio-8009"]
Sep 06, 2018 8:05:18 AM org.apache.catalina.startup.Catalina load
INFO: Initialization processed in 14825 ms
Sep 06, 2018 8:05:19 AM org.apache.catalina.core.StandardService startInternal
INFO: Starting service Catalina
Sep 06, 2018 8:05:19 AM org.apache.catalina.core.StandardEngine startInternal
INFO: Starting Servlet Engine: Apache Tomcat/7.0.90
Sep 06, 2018 8:05:19 AM org.apache.catalina.startup.HostConfig deployWAR
INFO: Deploying web application archive /home/vagrant/apache-tomcat-7.0.90/webapps/CounterWebApp.war
Sep 06, 2018 8:05:56 AM org.apache.catalina.util.SessionIdGeneratorBase createSecureRandom
WARNING: Creation of SecureRandom instance for session ID generation using [SHA1PRNG] took [1,837] milliseconds.
Sep 06, 2018 8:05:58 AM org.apache.catalina.startup.HostConfig deployWAR
INFO: Deployment of web application archive /home/vagrant/apache-tomcat-7.0.90/webapps/CounterWebApp.war has finished in 38,493 ms
Sep 06, 2018 8:05:58 AM org.apache.catalina.startup.HostConfig deployWAR
INFO: Deploying web application archive /home/vagrant/apache-tomcat-7.0.90/webapps/gitbucket.war
Sep 06, 2018 8:07:47 AM org.apache.catalina.startup.TldConfig execute
INFO: At least one JAR was scanned for TLDs yet contained no TLDs. Enable debug logging for this logger for a complete list of JARs that were scanned but no TLDs were found in them. Skipping unneeded JARs during scanning can improve startup time and JSP compilation time.
Sep 06, 2018 8:09:22 AM org.apache.catalina.startup.HostConfig deployWAR
INFO: Deployment of web application archive /home/vagrant/apache-tomcat-7.0.90/webapps/gitbucket.war has finished in 204,146 ms
Sep 06, 2018 8:09:22 AM org.apache.catalina.startup.HostConfig deployWAR
INFO: Deploying web application archive /home/vagrant/apache-tomcat-7.0.90/webapps/samplewar.war.war
Sep 06, 2018 8:09:24 AM org.apache.catalina.startup.HostConfig deployWAR
INFO: Deployment of web application archive /home/vagrant/apache-tomcat-7.0.90/webapps/samplewar.war.war has finished in 1,680 ms
Sep 06, 2018 8:09:24 AM org.apache.catalina.startup.HostConfig deployWAR
INFO: Deploying web application archive /home/vagrant/apache-tomcat-7.0.90/webapps/mywar.war
Sep 06, 2018 8:09:24 AM org.apache.catalina.startup.HostConfig deployWAR
INFO: Deployment of web application archive /home/vagrant/apache-tomcat-7.0.90/webapps/mywar.war has finished in 348 ms
Sep 06, 2018 8:09:24 AM org.apache.catalina.startup.HostConfig deployDirectory
INFO: Deploying web application directory /home/vagrant/apache-tomcat-7.0.90/webapps/ROOT
Sep 06, 2018 8:09:25 AM org.apache.catalina.startup.HostConfig deployDirectory
INFO: Deployment of web application directory /home/vagrant/apache-tomcat-7.0.90/webapps/ROOT has finished in 250 ms
Sep 06, 2018 8:09:25 AM org.apache.catalina.startup.HostConfig deployDirectory
INFO: Deploying web application directory /home/vagrant/apache-tomcat-7.0.90/webapps/docs
Sep 06, 2018 8:09:25 AM org.apache.catalina.startup.HostConfig deployDirectory
INFO: Deployment of web application directory /home/vagrant/apache-tomcat-7.0.90/webapps/docs has finished in 216 ms
Sep 06, 2018 8:09:25 AM org.apache.catalina.startup.HostConfig deployDirectory
INFO: Deploying web application directory /home/vagrant/apache-tomcat-7.0.90/webapps/examples
Sep 06, 2018 8:09:37 AM org.apache.catalina.startup.HostConfig deployDirectory
INFO: Deployment of web application directory /home/vagrant/apache-tomcat-7.0.90/webapps/examples has finished in 11,844 ms
Sep 06, 2018 8:09:37 AM org.apache.catalina.startup.HostConfig deployDirectory
INFO: Deploying web application directory /home/vagrant/apache-tomcat-7.0.90/webapps/host-manager
Sep 06, 2018 8:09:41 AM org.apache.catalina.startup.HostConfig deployDirectory
INFO: Deployment of web application directory /home/vagrant/apache-tomcat-7.0.90/webapps/host-manager has finished in 4,552 ms
Sep 06, 2018 8:09:41 AM org.apache.catalina.startup.HostConfig deployDirectory
INFO: Deploying web application directory /home/vagrant/apache-tomcat-7.0.90/webapps/manager
Sep 06, 2018 8:09:42 AM org.apache.catalina.startup.HostConfig deployDirectory
INFO: Deployment of web application directory /home/vagrant/apache-tomcat-7.0.90/webapps/manager has finished in 638 ms
Sep 06, 2018 8:09:42 AM org.apache.coyote.AbstractProtocol start
INFO: Starting ProtocolHandler ["http-bio-8080"]
Sep 06, 2018 8:09:43 AM org.apache.coyote.AbstractProtocol start
INFO: Starting ProtocolHandler ["ajp-bio-8009"]
Sep 06, 2018 8:09:43 AM org.apache.catalina.startup.Catalina start
INFO: Server startup in 264778 ms
Sep 06, 2018 8:21:15 AM org.apache.catalina.startup.HostConfig undeploy
INFO: Undeploying context [/mywar]
Sep 06, 2018 8:21:17 AM org.apache.catalina.startup.HostConfig deployWAR
INFO: Deploying web application archive /home/vagrant/apache-tomcat-7.0.90/webapps/mywar.war
Sep 06, 2018 8:21:31 AM org.apache.catalina.util.SessionIdGeneratorBase createSecureRandom
WARNING: Creation of SecureRandom instance for session ID generation using [SHA1PRNG] took [412] milliseconds.
Sep 06, 2018 8:21:31 AM org.apache.catalina.startup.HostConfig deployWAR
INFO: Deployment of web application archive /home/vagrant/apache-tomcat-7.0.90/webapps/mywar.war has finished in 14,553 ms
Sep 06, 2018 8:21:54 AM org.apache.catalina.startup.HostConfig undeploy
INFO: Undeploying context [/mywar]
Sep 06, 2018 8:21:54 AM org.apache.catalina.startup.HostConfig deployWAR
INFO: Deploying web application archive /home/vagrant/apache-tomcat-7.0.90/webapps/mywar.war
Sep 06, 2018 8:21:57 AM org.apache.catalina.startup.HostConfig deployWAR
INFO: Deployment of web application archive /home/vagrant/apache-tomcat-7.0.90/webapps/mywar.war has finished in 3,426 ms
