Aug 13, 2018 9:54:35 AM org.apache.catalina.startup.VersionLoggerListener log
INFO: Server version:        Apache Tomcat/7.0.90
Aug 13, 2018 9:54:35 AM org.apache.catalina.startup.VersionLoggerListener log
INFO: Server built:          Jul 2 2018 17:05:37 UTC
Aug 13, 2018 9:54:35 AM org.apache.catalina.startup.VersionLoggerListener log
INFO: Server number:         7.0.90.0
Aug 13, 2018 9:54:35 AM org.apache.catalina.startup.VersionLoggerListener log
INFO: OS Name:               Linux
Aug 13, 2018 9:54:35 AM org.apache.catalina.startup.VersionLoggerListener log
INFO: OS Version:            3.10.0-693.21.1.el7.x86_64
Aug 13, 2018 9:54:35 AM org.apache.catalina.startup.VersionLoggerListener log
INFO: Architecture:          amd64
Aug 13, 2018 9:54:35 AM org.apache.catalina.startup.VersionLoggerListener log
INFO: Java Home:             /usr/lib/jvm/java-1.8.0-openjdk-1.8.0.181-3.b13.el7_5.x86_64/jre
Aug 13, 2018 9:54:35 AM org.apache.catalina.startup.VersionLoggerListener log
INFO: JVM Version:           1.8.0_181-b13
Aug 13, 2018 9:54:35 AM org.apache.catalina.startup.VersionLoggerListener log
INFO: JVM Vendor:            Oracle Corporation
Aug 13, 2018 9:54:35 AM org.apache.catalina.startup.VersionLoggerListener log
INFO: CATALINA_BASE:         /home/vagrant/apache-tomcat-7.0.90
Aug 13, 2018 9:54:35 AM org.apache.catalina.startup.VersionLoggerListener log
INFO: CATALINA_HOME:         /home/vagrant/apache-tomcat-7.0.90
Aug 13, 2018 9:54:35 AM org.apache.catalina.startup.VersionLoggerListener log
INFO: Command line argument: -Djava.util.logging.config.file=/home/vagrant/apache-tomcat-7.0.90/conf/logging.properties
Aug 13, 2018 9:54:35 AM org.apache.catalina.startup.VersionLoggerListener log
INFO: Command line argument: -Djava.util.logging.manager=org.apache.juli.ClassLoaderLogManager
Aug 13, 2018 9:54:35 AM org.apache.catalina.startup.VersionLoggerListener log
INFO: Command line argument: -Djdk.tls.ephemeralDHKeySize=2048
Aug 13, 2018 9:54:35 AM org.apache.catalina.startup.VersionLoggerListener log
INFO: Command line argument: -Dignore.endorsed.dirs=
Aug 13, 2018 9:54:35 AM org.apache.catalina.startup.VersionLoggerListener log
INFO: Command line argument: -Dcatalina.base=/home/vagrant/apache-tomcat-7.0.90
Aug 13, 2018 9:54:35 AM org.apache.catalina.startup.VersionLoggerListener log
INFO: Command line argument: -Dcatalina.home=/home/vagrant/apache-tomcat-7.0.90
Aug 13, 2018 9:54:35 AM org.apache.catalina.startup.VersionLoggerListener log
INFO: Command line argument: -Djava.io.tmpdir=/home/vagrant/apache-tomcat-7.0.90/temp
Aug 13, 2018 9:54:35 AM org.apache.catalina.core.AprLifecycleListener lifecycleEvent
INFO: The APR based Apache Tomcat Native library which allows optimal performance in production environments was not found on the java.library.path: /usr/java/packages/lib/amd64:/usr/lib64:/lib64:/lib:/usr/lib
Aug 13, 2018 9:54:36 AM org.apache.coyote.AbstractProtocol init
INFO: Initializing ProtocolHandler ["http-bio-8080"]
Aug 13, 2018 9:54:36 AM org.apache.coyote.AbstractProtocol init
INFO: Initializing ProtocolHandler ["ajp-bio-8009"]
Aug 13, 2018 9:54:36 AM org.apache.catalina.startup.Catalina load
INFO: Initialization processed in 1958 ms
Aug 13, 2018 9:54:36 AM org.apache.catalina.core.StandardService startInternal
INFO: Starting service Catalina
Aug 13, 2018 9:54:36 AM org.apache.catalina.core.StandardEngine startInternal
INFO: Starting Servlet Engine: Apache Tomcat/7.0.90
Aug 13, 2018 9:54:36 AM org.apache.catalina.startup.HostConfig deployDirectory
INFO: Deploying web application directory /home/vagrant/apache-tomcat-7.0.90/webapps/ROOT
Aug 13, 2018 9:54:37 AM org.apache.catalina.startup.HostConfig deployDirectory
INFO: Deployment of web application directory /home/vagrant/apache-tomcat-7.0.90/webapps/ROOT has finished in 1,149 ms
Aug 13, 2018 9:54:37 AM org.apache.catalina.startup.HostConfig deployDirectory
INFO: Deploying web application directory /home/vagrant/apache-tomcat-7.0.90/webapps/docs
Aug 13, 2018 9:54:37 AM org.apache.catalina.startup.HostConfig deployDirectory
INFO: Deployment of web application directory /home/vagrant/apache-tomcat-7.0.90/webapps/docs has finished in 211 ms
Aug 13, 2018 9:54:37 AM org.apache.catalina.startup.HostConfig deployDirectory
INFO: Deploying web application directory /home/vagrant/apache-tomcat-7.0.90/webapps/examples
Aug 13, 2018 9:54:38 AM org.apache.catalina.startup.HostConfig deployDirectory
INFO: Deployment of web application directory /home/vagrant/apache-tomcat-7.0.90/webapps/examples has finished in 763 ms
Aug 13, 2018 9:54:38 AM org.apache.catalina.startup.HostConfig deployDirectory
INFO: Deploying web application directory /home/vagrant/apache-tomcat-7.0.90/webapps/host-manager
Aug 13, 2018 9:54:39 AM org.apache.catalina.startup.HostConfig deployDirectory
INFO: Deployment of web application directory /home/vagrant/apache-tomcat-7.0.90/webapps/host-manager has finished in 706 ms
Aug 13, 2018 9:54:39 AM org.apache.catalina.startup.HostConfig deployDirectory
INFO: Deploying web application directory /home/vagrant/apache-tomcat-7.0.90/webapps/manager
Aug 13, 2018 9:54:39 AM org.apache.catalina.startup.HostConfig deployDirectory
INFO: Deployment of web application directory /home/vagrant/apache-tomcat-7.0.90/webapps/manager has finished in 165 ms
Aug 13, 2018 9:54:39 AM org.apache.coyote.AbstractProtocol start
INFO: Starting ProtocolHandler ["http-bio-8080"]
Aug 13, 2018 9:54:39 AM org.apache.coyote.AbstractProtocol start
INFO: Starting ProtocolHandler ["ajp-bio-8009"]
Aug 13, 2018 9:54:39 AM org.apache.catalina.startup.Catalina start
INFO: Server startup in 3203 ms
Aug 13, 2018 9:56:46 AM org.apache.catalina.core.StandardServer await
INFO: A valid shutdown command was received via the shutdown port. Stopping the Server instance.
Aug 13, 2018 9:56:46 AM org.apache.coyote.AbstractProtocol pause
INFO: Pausing ProtocolHandler ["http-bio-8080"]
Aug 13, 2018 9:56:47 AM org.apache.coyote.AbstractProtocol pause
INFO: Pausing ProtocolHandler ["ajp-bio-8009"]
Aug 13, 2018 9:56:47 AM org.apache.catalina.core.StandardService stopInternal
INFO: Stopping service Catalina
Aug 13, 2018 9:56:47 AM org.apache.coyote.AbstractProtocol stop
INFO: Stopping ProtocolHandler ["http-bio-8080"]
Aug 13, 2018 9:56:47 AM org.apache.coyote.AbstractProtocol stop
INFO: Stopping ProtocolHandler ["ajp-bio-8009"]
Aug 13, 2018 9:56:47 AM org.apache.coyote.AbstractProtocol destroy
INFO: Destroying ProtocolHandler ["http-bio-8080"]
Aug 13, 2018 9:56:47 AM org.apache.coyote.AbstractProtocol destroy
INFO: Destroying ProtocolHandler ["ajp-bio-8009"]
Aug 13, 2018 9:56:55 AM org.apache.catalina.startup.VersionLoggerListener log
INFO: Server version:        Apache Tomcat/7.0.90
Aug 13, 2018 9:56:55 AM org.apache.catalina.startup.VersionLoggerListener log
INFO: Server built:          Jul 2 2018 17:05:37 UTC
Aug 13, 2018 9:56:55 AM org.apache.catalina.startup.VersionLoggerListener log
INFO: Server number:         7.0.90.0
Aug 13, 2018 9:56:55 AM org.apache.catalina.startup.VersionLoggerListener log
INFO: OS Name:               Linux
Aug 13, 2018 9:56:55 AM org.apache.catalina.startup.VersionLoggerListener log
INFO: OS Version:            3.10.0-693.21.1.el7.x86_64
Aug 13, 2018 9:56:55 AM org.apache.catalina.startup.VersionLoggerListener log
INFO: Architecture:          amd64
Aug 13, 2018 9:56:55 AM org.apache.catalina.startup.VersionLoggerListener log
INFO: Java Home:             /usr/lib/jvm/java-1.8.0-openjdk-1.8.0.181-3.b13.el7_5.x86_64/jre
Aug 13, 2018 9:56:55 AM org.apache.catalina.startup.VersionLoggerListener log
INFO: JVM Version:           1.8.0_181-b13
Aug 13, 2018 9:56:55 AM org.apache.catalina.startup.VersionLoggerListener log
INFO: JVM Vendor:            Oracle Corporation
Aug 13, 2018 9:56:55 AM org.apache.catalina.startup.VersionLoggerListener log
INFO: CATALINA_BASE:         /home/vagrant/apache-tomcat-7.0.90
Aug 13, 2018 9:56:55 AM org.apache.catalina.startup.VersionLoggerListener log
INFO: CATALINA_HOME:         /home/vagrant/apache-tomcat-7.0.90
Aug 13, 2018 9:56:55 AM org.apache.catalina.startup.VersionLoggerListener log
INFO: Command line argument: -Djava.util.logging.config.file=/home/vagrant/apache-tomcat-7.0.90/conf/logging.properties
Aug 13, 2018 9:56:55 AM org.apache.catalina.startup.VersionLoggerListener log
INFO: Command line argument: -Djava.util.logging.manager=org.apache.juli.ClassLoaderLogManager
Aug 13, 2018 9:56:55 AM org.apache.catalina.startup.VersionLoggerListener log
INFO: Command line argument: -Djdk.tls.ephemeralDHKeySize=2048
Aug 13, 2018 9:56:55 AM org.apache.catalina.startup.VersionLoggerListener log
INFO: Command line argument: -Dignore.endorsed.dirs=
Aug 13, 2018 9:56:55 AM org.apache.catalina.startup.VersionLoggerListener log
INFO: Command line argument: -Dcatalina.base=/home/vagrant/apache-tomcat-7.0.90
Aug 13, 2018 9:56:55 AM org.apache.catalina.startup.VersionLoggerListener log
INFO: Command line argument: -Dcatalina.home=/home/vagrant/apache-tomcat-7.0.90
Aug 13, 2018 9:56:55 AM org.apache.catalina.startup.VersionLoggerListener log
INFO: Command line argument: -Djava.io.tmpdir=/home/vagrant/apache-tomcat-7.0.90/temp
Aug 13, 2018 9:56:55 AM org.apache.catalina.core.AprLifecycleListener lifecycleEvent
INFO: The APR based Apache Tomcat Native library which allows optimal performance in production environments was not found on the java.library.path: /usr/java/packages/lib/amd64:/usr/lib64:/lib64:/lib:/usr/lib
Aug 13, 2018 9:56:55 AM org.apache.coyote.AbstractProtocol init
INFO: Initializing ProtocolHandler ["http-bio-8080"]
Aug 13, 2018 9:56:55 AM org.apache.coyote.AbstractProtocol init
INFO: Initializing ProtocolHandler ["ajp-bio-8009"]
Aug 13, 2018 9:56:55 AM org.apache.catalina.startup.Catalina load
INFO: Initialization processed in 1665 ms
Aug 13, 2018 9:56:55 AM org.apache.catalina.core.StandardService startInternal
INFO: Starting service Catalina
Aug 13, 2018 9:56:55 AM org.apache.catalina.core.StandardEngine startInternal
INFO: Starting Servlet Engine: Apache Tomcat/7.0.90
Aug 13, 2018 9:56:56 AM org.apache.catalina.startup.HostConfig deployDirectory
INFO: Deploying web application directory /home/vagrant/apache-tomcat-7.0.90/webapps/ROOT
Aug 13, 2018 9:56:57 AM org.apache.catalina.startup.HostConfig deployDirectory
INFO: Deployment of web application directory /home/vagrant/apache-tomcat-7.0.90/webapps/ROOT has finished in 1,050 ms
Aug 13, 2018 9:56:57 AM org.apache.catalina.startup.HostConfig deployDirectory
INFO: Deploying web application directory /home/vagrant/apache-tomcat-7.0.90/webapps/docs
Aug 13, 2018 9:56:57 AM org.apache.catalina.startup.HostConfig deployDirectory
INFO: Deployment of web application directory /home/vagrant/apache-tomcat-7.0.90/webapps/docs has finished in 217 ms
Aug 13, 2018 9:56:57 AM org.apache.catalina.startup.HostConfig deployDirectory
INFO: Deploying web application directory /home/vagrant/apache-tomcat-7.0.90/webapps/examples
Aug 13, 2018 9:56:58 AM org.apache.catalina.startup.HostConfig deployDirectory
INFO: Deployment of web application directory /home/vagrant/apache-tomcat-7.0.90/webapps/examples has finished in 759 ms
Aug 13, 2018 9:56:58 AM org.apache.catalina.startup.HostConfig deployDirectory
INFO: Deploying web application directory /home/vagrant/apache-tomcat-7.0.90/webapps/host-manager
Aug 13, 2018 9:56:58 AM org.apache.catalina.startup.HostConfig deployDirectory
INFO: Deployment of web application directory /home/vagrant/apache-tomcat-7.0.90/webapps/host-manager has finished in 443 ms
Aug 13, 2018 9:56:58 AM org.apache.catalina.startup.HostConfig deployDirectory
INFO: Deploying web application directory /home/vagrant/apache-tomcat-7.0.90/webapps/manager
Aug 13, 2018 9:56:58 AM org.apache.catalina.startup.HostConfig deployDirectory
INFO: Deployment of web application directory /home/vagrant/apache-tomcat-7.0.90/webapps/manager has finished in 141 ms
Aug 13, 2018 9:56:58 AM org.apache.coyote.AbstractProtocol start
INFO: Starting ProtocolHandler ["http-bio-8080"]
Aug 13, 2018 9:56:58 AM org.apache.coyote.AbstractProtocol start
INFO: Starting ProtocolHandler ["ajp-bio-8009"]
Aug 13, 2018 9:56:58 AM org.apache.catalina.startup.Catalina start
INFO: Server startup in 2873 ms
Aug 13, 2018 10:15:59 AM org.apache.catalina.startup.HostConfig deployWAR
INFO: Deploying web application archive /home/vagrant/apache-tomcat-7.0.90/webapps/CounterWebApp.war
Aug 13, 2018 10:15:59 AM org.apache.catalina.startup.HostConfig deployWAR
INFO: Deployment of web application archive /home/vagrant/apache-tomcat-7.0.90/webapps/CounterWebApp.war has finished in 320 ms
Aug 13, 2018 1:54:13 PM org.apache.catalina.startup.HostConfig deployWAR
INFO: Deploying web application archive /home/vagrant/apache-tomcat-7.0.90/webapps/gitbucket.war
Aug 13, 2018 1:54:34 PM org.apache.catalina.startup.TldConfig execute
INFO: At least one JAR was scanned for TLDs yet contained no TLDs. Enable debug logging for this logger for a complete list of JARs that were scanned but no TLDs were found in them. Skipping unneeded JARs during scanning can improve startup time and JSP compilation time.
Aug 13, 2018 1:54:58 PM org.apache.catalina.startup.HostConfig deployWAR
INFO: Deployment of web application archive /home/vagrant/apache-tomcat-7.0.90/webapps/gitbucket.war has finished in 45,377 ms
