Aug 15, 2018 4:40:28 PM org.apache.catalina.core.ApplicationContext log
INFO: HTMLManager: init: Associated with Deployer 'Catalina:type=Deployer,host=localhost'
Aug 15, 2018 4:40:28 PM org.apache.catalina.core.ApplicationContext log
INFO: HTMLManager: init: Global resources are available
Aug 15, 2018 4:40:28 PM org.apache.catalina.core.ApplicationContext log
INFO: HTMLManager: list: Listing contexts for virtual host 'localhost'
Aug 15, 2018 6:43:22 PM org.apache.catalina.core.ApplicationContext log
INFO: HTMLManager: list: Listing contexts for virtual host 'localhost'
Aug 15, 2018 7:33:02 PM org.apache.catalina.core.ApplicationContext log
INFO: HTMLManager: init: Associated with Deployer 'Catalina:type=Deployer,host=localhost'
Aug 15, 2018 7:33:02 PM org.apache.catalina.core.ApplicationContext log
INFO: HTMLManager: init: Global resources are available
Aug 15, 2018 7:33:02 PM org.apache.catalina.core.ApplicationContext log
INFO: HTMLManager: list: Listing contexts for virtual host 'localhost'
Aug 15, 2018 7:33:08 PM org.apache.catalina.core.ApplicationContext log
INFO: HTMLManager: list: Listing contexts for virtual host 'localhost'
Aug 15, 2018 7:35:40 PM org.apache.catalina.core.ApplicationContext log
INFO: Manager: init: Associated with Deployer 'Catalina:type=Deployer,host=localhost'
Aug 15, 2018 7:35:40 PM org.apache.catalina.core.ApplicationContext log
INFO: Manager: init: Global resources are available
Aug 15, 2018 7:35:40 PM org.apache.catalina.core.ApplicationContext log
INFO: Manager: list: Listing contexts for virtual host 'localhost'
Aug 15, 2018 7:35:40 PM org.apache.catalina.core.ApplicationContext log
INFO: Manager: deploy: Deploying web application '/mywar'
Aug 15, 2018 7:35:40 PM org.apache.catalina.core.ApplicationContext log
INFO: Manager: Uploading WAR file to /home/vagrant/apache-tomcat-7.0.90/webapps/mywar.war
Aug 15, 2018 7:36:03 PM org.apache.catalina.core.ApplicationContext log
INFO: Manager: list: Listing contexts for virtual host 'localhost'
Aug 15, 2018 7:36:03 PM org.apache.catalina.core.ApplicationContext log
INFO: Manager: list: Listing contexts for virtual host 'localhost'
Aug 15, 2018 7:36:03 PM org.apache.catalina.core.ApplicationContext log
INFO: Manager: undeploy: Undeploying web application at '/mywar'
Aug 15, 2018 7:36:04 PM org.apache.catalina.core.ApplicationContext log
INFO: Manager: deploy: Deploying web application '/mywar'
Aug 15, 2018 7:36:04 PM org.apache.catalina.core.ApplicationContext log
INFO: Manager: Uploading WAR file to /home/vagrant/apache-tomcat-7.0.90/webapps/mywar.war
Aug 15, 2018 7:36:13 PM org.apache.catalina.core.ApplicationContext log
INFO: HTMLManager: list: Listing contexts for virtual host 'localhost'
